
### set_ffts_base_addr((uint64_t)129652063549088);

[set_ffts_base_addr] unsupported
[S] [RECV_INST] set_ffts_base_addr type 7
[S] [EXECUTE] set_ffts_base_addr type 7
[ALL] [TBUF_EVENT] ABS_ADDR 0x75eaf62be010 0x40000 B type L1
[ALL] [TBUF_STAT] ---------- tbuf used stat ----------
[ALL] [TBUF_STAT] ---------- tbuf used stat ----------
[ALL] [TBUF_STAT] ---------- tbuf init stat ----------
[ALL] [TBUF_STAT] ---------- tbuf init stat ----------
[ALL] [TBUF_EVENT] ABS_ADDR 0x75eaf0bfe010 0x100000 B type L0A
[ALL] [TBUF_STAT] ---------- tbuf used stat ----------
[ALL] [TBUF_STAT] ---------- tbuf used stat ----------
[ALL] [TBUF_STAT] ---------- tbuf init stat ----------
[ALL] [TBUF_STAT] ---------- tbuf init stat ----------
[ALL] [TBUF_EVENT] ABS_ADDR 0x63b154d612e0 0x10000 B type L1
[ALL] [TBUF_STAT] ---------- tbuf used stat ----------
[ALL] [TBUF_STAT] ---------- tbuf used stat ----------
[ALL] [TBUF_STAT] ---------- tbuf init stat ----------
[ALL] [TBUF_STAT] ---------- tbuf init stat ----------
[ALL] [TBUF_EVENT] ABS_ADDR 0x63b154d712f0 0x10000 B type L0B
[ALL] [TBUF_STAT] ---------- tbuf used stat ----------
[ALL] [TBUF_STAT] ---------- tbuf used stat ----------
[ALL] [TBUF_STAT] ---------- tbuf init stat ----------
[ALL] [TBUF_STAT] ---------- tbuf init stat ----------
[ALL] [TBUF_EVENT] ABS_ADDR 0x75eaf627d010 0x40000 B type UB
[ALL] [TBUF_STAT] ---------- tbuf used stat ----------
[ALL] [TBUF_STAT] ---------- tbuf used stat ----------
[ALL] [TBUF_STAT] ---------- tbuf init stat ----------
[ALL] [TBUF_STAT] ---------- tbuf init stat ----------
[ALL] [TBUF_EVENT] ABS_ADDR 0x63b154d81300 0x10000 B type L0C
[ALL] [TBUF_STAT] ---------- tbuf used stat ----------
[ALL] [TBUF_STAT] ---------- tbuf used stat ----------
[ALL] [TBUF_STAT] ---------- tbuf init stat ----------
[ALL] [TBUF_STAT] ---------- tbuf init stat ----------
[ALL] [TBUF_EVENT] ABS_ADDR 0x63b154d91310 0x10000 B type L0C
[ALL] [TBUF_STAT] ---------- tbuf used stat ----------
[ALL] [TBUF_STAT] ---------- tbuf used stat ----------
[ALL] [TBUF_STAT] ---------- tbuf init stat ----------
[ALL] [TBUF_STAT] ---------- tbuf init stat ----------
[ALL] [TBUF_EVENT] INIT 0x75eaf62be010 0xce0 B type UB
[ALL] [TBUF_STAT] ---------- tbuf used stat ----------
[ALL] [TBUF_STAT] ---------- tbuf used stat ----------
[ALL] [TBUF_STAT] ---------- tbuf init stat ----------
    UB USED: 0xce0, Rate: 1.25732%
[ALL] [TBUF_STAT] ---------- tbuf init stat ----------
[ALL] [TBUF_EVENT] INIT 0x75eaf62becf0 0xce0 B type UB
[ALL] [TBUF_STAT] ---------- tbuf used stat ----------
[ALL] [TBUF_STAT] ---------- tbuf used stat ----------
[ALL] [TBUF_STAT] ---------- tbuf init stat ----------
    UB USED: 0x19c0, Rate: 2.51465%
[ALL] [TBUF_STAT] ---------- tbuf init stat ----------
[MEMCHEK][InitMemRecord]add addr: 129652012867600len: 3296
[ALL] [TBUF_EVENT] INIT 0x75eaf62bf9d0 0xce0 B type UB
[ALL] [TBUF_STAT] ---------- tbuf used stat ----------
[ALL] [TBUF_STAT] ---------- tbuf used stat ----------
[ALL] [TBUF_STAT] ---------- tbuf init stat ----------
    UB USED: 0x26a0, Rate: 3.77197%
[ALL] [TBUF_STAT] ---------- tbuf init stat ----------
[ALL] [TBUF_EVENT] INIT 0x75eaf62c06b0 0xce0 B type UB
[ALL] [TBUF_STAT] ---------- tbuf used stat ----------
[ALL] [TBUF_STAT] ---------- tbuf used stat ----------
[ALL] [TBUF_STAT] ---------- tbuf init stat ----------
    UB USED: 0x3380, Rate: 5.0293%
[ALL] [TBUF_STAT] ---------- tbuf init stat ----------
[MEMCHEK][InitMemRecord]add addr: 129652012874192len: 3296
[ALL] [TBUF_EVENT] INIT 0x75eaf62c1390 0x1340 B type UB
[ALL] [TBUF_STAT] ---------- tbuf used stat ----------
[ALL] [TBUF_STAT] ---------- tbuf used stat ----------
[ALL] [TBUF_STAT] ---------- tbuf init stat ----------
    UB USED: 0x46c0, Rate: 6.90918%
[ALL] [TBUF_STAT] ---------- tbuf init stat ----------
[ALL] [TBUF_EVENT] INIT 0x75eaf62c26d0 0x1340 B type UB
[ALL] [TBUF_STAT] ---------- tbuf used stat ----------
[ALL] [TBUF_STAT] ---------- tbuf used stat ----------
[ALL] [TBUF_STAT] ---------- tbuf init stat ----------
    UB USED: 0x5a00, Rate: 8.78906%
[ALL] [TBUF_STAT] ---------- tbuf init stat ----------
[MEMCHEK][InitMemRecord]add addr: 129652012880784len: 4928
[ALL] [TBUF_EVENT] PERSISTENT 0x75eaf62c3a10 0xce0 B type UB
[ALL] [TBUF_STAT] ---------- tbuf used stat ----------
    UB USED: 0xce0, Rate: 1.25732%
[ALL] [TBUF_STAT] ---------- tbuf used stat ----------
[ALL] [TBUF_STAT] ---------- tbuf init stat ----------
    UB USED: 0x5a00, Rate: 8.78906%
[ALL] [TBUF_STAT] ---------- tbuf init stat ----------
[MEMCHEK][InitMemRecord]add addr: 129652012890640len: 3296
[ALL] [TBUF_EVENT] PERSISTENT 0x75eaf62c46f0 0xce0 B type UB
[ALL] [TBUF_STAT] ---------- tbuf used stat ----------
    UB USED: 0x19c0, Rate: 2.51465%
[ALL] [TBUF_STAT] ---------- tbuf used stat ----------
[ALL] [TBUF_STAT] ---------- tbuf init stat ----------
    UB USED: 0x5a00, Rate: 8.78906%
[ALL] [TBUF_STAT] ---------- tbuf init stat ----------
[MEMCHEK][InitMemRecord]add addr: 129652012893936len: 3296
[ALL] [TBUF_EVENT] PERSISTENT 0x75eaf62c53d0 0x6660 B type UB
[ALL] [TBUF_STAT] ---------- tbuf used stat ----------
    UB USED: 0x8020, Rate: 12.5122%
[ALL] [TBUF_STAT] ---------- tbuf used stat ----------
[ALL] [TBUF_STAT] ---------- tbuf init stat ----------
    UB USED: 0x5a00, Rate: 8.78906%
[ALL] [TBUF_STAT] ---------- tbuf init stat ----------
[MEMCHEK][InitMemRecord]add addr: 129652012897232len: 26208
[ALL] [TBUF_EVENT] PERSISTENT 0x75eaf62cba30 0x6660 B type UB
[ALL] [TBUF_STAT] ---------- tbuf used stat ----------
    UB USED: 0xe680, Rate: 22.5098%
[ALL] [TBUF_STAT] ---------- tbuf used stat ----------
[ALL] [TBUF_STAT] ---------- tbuf init stat ----------
    UB USED: 0x5a00, Rate: 8.78906%
[ALL] [TBUF_STAT] ---------- tbuf init stat ----------
[MEMCHEK][InitMemRecord]add addr: 129652012923440len: 26208
[ALL] [TBUF_EVENT] ALLOC 0x75eaf62be010 0xce0 B type UB
[ALL] [TBUF_STAT] ---------- tbuf used stat ----------
    UB USED: 0xf360, Rate: 23.7671%
[ALL] [TBUF_STAT] ---------- tbuf used stat ----------
[ALL] [TBUF_STAT] ---------- tbuf init stat ----------
    UB USED: 0x5a00, Rate: 8.78906%
[ALL] [TBUF_STAT] ---------- tbuf init stat ----------
[MEMCHEK][CreateMemRecord] addr: 129652012867600len: 3296
[ALL] [TBUF_EVENT] ALLOC 0x75eaf62bf9d0 0xce0 B type UB
[ALL] [TBUF_STAT] ---------- tbuf used stat ----------
    UB USED: 0x10040, Rate: 25.0244%
[ALL] [TBUF_STAT] ---------- tbuf used stat ----------
[ALL] [TBUF_STAT] ---------- tbuf init stat ----------
    UB USED: 0x5a00, Rate: 8.78906%
[ALL] [TBUF_STAT] ---------- tbuf init stat ----------
[MEMCHEK][CreateMemRecord] addr: 129652012874192len: 3296
